{"C:\\Users\\USER\\Desktop\\Myfirst NodeProject\\calculator.js": {"path":"C:\\Users\\USER\\Desktop\\Myfirst NodeProject\\calculator.js","statementMap":{"0":{"start":{"line":1,"column":23},"end":{"line":11,"column":5}},"1":{"start":{"line":3,"column":4},"end":{"line":3,"column":17}},"2":{"start":{"line":6,"column":4},"end":{"line":6,"column":17}},"3":{"start":{"line":9,"column":4},"end":{"line":9,"column":16}},"4":{"start":{"line":12,"column":4},"end":{"line":12,"column":35}}},"fnMap":{"0":{"name":"(anonymous_0)","decl":{"start":{"line":2,"column":9},"end":{"line":2,"column":10}},"loc":{"start":{"line":2,"column":23},"end":{"line":4,"column":5}},"line":2},"1":{"name":"(anonymous_1)","decl":{"start":{"line":5,"column":10},"end":{"line":5,"column":11}},"loc":{"start":{"line":5,"column":24},"end":{"line":7,"column":5}},"line":5},"2":{"name":"(anonymous_2)","decl":{"start":{"line":8,"column":13},"end":{"line":8,"column":14}},"loc":{"start":{"line":8,"column":27},"end":{"line":10,"column":5}},"line":8}},"branchMap":{},"s":{"0":1,"1":1,"2":1,"3":1,"4":1},"f":{"0":1,"1":1,"2":1},"b":{},"_coverageSchema":"1a1c01bbd47fc00a2c39e90264f33305004495a9","hash":"9a68da13113959f4848d51f03325374b17ef7e00"}
}
